<?xml version="1.0" encoding="UTF-8"?>
<testng-results ignored="0" total="1" passed="1" failed="0" skipped="0">
  <reporter-output>
  </reporter-output>
  <suite started-at="2022-09-17T10:56:04 PDT" name="Default suite" finished-at="2022-09-17T10:56:22 PDT" duration-ms="18111">
    <groups>
      <group name="cucumber">
        <method signature="AbstractTestNGCucumberTests.runScenario(io.cucumber.testng.PickleWrapper, io.cucumber.testng.FeatureWrapper)[pri:0, instance:runner.TestRunnerTestNG@43dac38f]" name="runScenario" class="io.cucumber.testng.AbstractTestNGCucumberTests"/>
      </group> <!-- cucumber -->
    </groups>
    <test started-at="2022-09-17T10:56:04 PDT" name="Default test" finished-at="2022-09-17T10:56:22 PDT" duration-ms="18111">
      <class name="runner.TestRunnerTestNG">
        <test-method is-config="true" signature="setUpClass(org.testng.ITestContext)[pri:0, instance:runner.TestRunnerTestNG@43dac38f]" started-at="2022-09-17T10:56:04 PDT" name="setUpClass" finished-at="2022-09-17T10:56:04 PDT" duration-ms="168" status="PASS">
          <params>
            <param index="0">
              <value>
                <![CDATA[org.testng.TestRunner@285583d4]]>
              </value>
            </param>
          </params>
          <reporter-output>
          </reporter-output>
        </test-method> <!-- setUpClass -->
        <test-method signature="runScenario(io.cucumber.testng.PickleWrapper, io.cucumber.testng.FeatureWrapper)[pri:0, instance:runner.TestRunnerTestNG@43dac38f]" started-at="2022-09-17T10:56:04 PDT" name="runScenario" description="Runs Cucumber Scenarios" data-provider="scenarios" finished-at="2022-09-17T10:56:22 PDT" duration-ms="17719" status="PASS">
          <params>
            <param index="0">
              <value>
                <![CDATA["login to Amazon search for iphone and add to cart"]]>
              </value>
            </param>
            <param index="1">
              <value>
                <![CDATA["Optional[Buy an iphone from Amazon]"]]>
              </value>
            </param>
          </params>
          <reporter-output>
          </reporter-output>
        </test-method> <!-- runScenario -->
        <test-method is-config="true" signature="tearDownClass()[pri:0, instance:runner.TestRunnerTestNG@43dac38f]" started-at="2022-09-17T10:56:22 PDT" name="tearDownClass" finished-at="2022-09-17T10:56:22 PDT" duration-ms="203" status="PASS">
          <reporter-output>
          </reporter-output>
        </test-method> <!-- tearDownClass -->
      </class> <!-- runner.TestRunnerTestNG -->
    </test> <!-- Default test -->
  </suite> <!-- Default suite -->
</testng-results>
